app/build/intermediates/manifest_merge_blame_file/debug/manifest-merger-blame-debug-report.txt
1<?xml version="1.0" encoding="utf-8"?>
2<manifest xmlns:android="http://schemas.android.com/apk/res/android"
3    package="com.example.uidining"
4    android:versionCode="1"
5    android:versionName="1.0" >
6
7    <uses-sdk
8        android:minSdkVersion="23"
8-->src/main/AndroidManifest.xml
9        android:targetSdkVersion="29" />
9-->src/main/AndroidManifest.xml
10
11    <uses-permission android:name="android.permission.INTERNET" />
11-->src/main/AndroidManifest.xml:5:5-67
11-->src/main/AndroidManifest.xml:5:22-64
12    <uses-permission android:name="android.permission.ACCESS_FINE_LOCATION" />
12-->src/main/AndroidManifest.xml:6:5-79
12-->src/main/AndroidManifest.xml:6:22-76
13
14    <application
14-->src/main/AndroidManifest.xml:8:5-30:19
15        android:allowBackup="true"
15-->src/main/AndroidManifest.xml:9:9-35
16        android:appComponentFactory="androidx.core.app.CoreComponentFactory"
16-->[androidx.core:core:1.1.0] AndroidManifest.xml:24:18-86
17        android:debuggable="true"
18        android:icon="@mipmap/ic_launcher"
18-->src/main/AndroidManifest.xml:10:9-43
19        android:label="@string/app_name"
19-->src/main/AndroidManifest.xml:11:9-41
20        android:roundIcon="@mipmap/ic_launcher_round"
20-->src/main/AndroidManifest.xml:12:9-54
21        android:supportsRtl="true"
21-->src/main/AndroidManifest.xml:13:9-35
22        android:theme="@style/AppTheme" >
22-->src/main/AndroidManifest.xml:14:9-40
23        <activity
23-->src/main/AndroidManifest.xml:16:9-17:60
24            android:name="com.example.uidining.SelectDiningHall"
24-->src/main/AndroidManifest.xml:16:19-51
25            android:launchMode="singleInstance" />
25-->src/main/AndroidManifest.xml:17:13-48
26        <activity android:name="com.example.uidining.VegetarianMeals" />
26-->src/main/AndroidManifest.xml:18:9-53
26-->src/main/AndroidManifest.xml:18:19-50
27        <activity android:name="com.example.uidining.InputPreferences" />
27-->src/main/AndroidManifest.xml:19:9-54
27-->src/main/AndroidManifest.xml:19:19-51
28        <activity android:name="com.example.uidining.LocationActivity" />
28-->src/main/AndroidManifest.xml:20:9-54
28-->src/main/AndroidManifest.xml:20:19-51
29        <activity android:name="com.example.uidining.InformationActivity" />
29-->src/main/AndroidManifest.xml:21:9-57
29-->src/main/AndroidManifest.xml:21:19-54
30        <activity android:name="com.example.uidining.HallInformationActivity" />
30-->src/main/AndroidManifest.xml:22:9-61
30-->src/main/AndroidManifest.xml:22:19-58
31        <activity android:name="com.example.uidining.MainActivity" >
31-->src/main/AndroidManifest.xml:23:9-29:20
31-->src/main/AndroidManifest.xml:23:19-47
32            <intent-filter>
32-->src/main/AndroidManifest.xml:24:13-28:29
33                <action android:name="android.intent.action.MAIN" />
33-->src/main/AndroidManifest.xml:25:17-69
33-->src/main/AndroidManifest.xml:25:25-66
34
35                <category android:name="android.intent.category.LAUNCHER" />
35-->src/main/AndroidManifest.xml:27:17-77
35-->src/main/AndroidManifest.xml:27:27-74
36            </intent-filter>
37        </activity>
38    </application>
39
40</manifest>